{"level":"info","message":"Server is running on port 5000","service":"bookstore-api","timestamp":"2025-05-23T05:36:52.753Z"}
{"level":"info","message":"MongoDB Connected: localhost","service":"bookstore-api","timestamp":"2025-05-23T05:36:52.823Z"}
{"level":"info","message":"Server is running on port 5000","service":"bookstore-api","timestamp":"2025-05-23T05:37:10.599Z"}
{"level":"info","message":"MongoDB Connected: localhost","service":"bookstore-api","timestamp":"2025-05-23T05:37:10.668Z"}
{"level":"info","message":"Server is running on port 5000","service":"bookstore-api","timestamp":"2025-05-23T05:37:29.746Z"}
{"level":"info","message":"MongoDB Connected: localhost","service":"bookstore-api","timestamp":"2025-05-23T05:37:29.797Z"}
{"level":"info","message":"Registration endpoint hit...","service":"bookstore-api","timestamp":"2025-05-23T05:42:04.294Z"}
{"level":"info","message":"User registered: zuhair","service":"bookstore-api","timestamp":"2025-05-23T05:42:04.550Z"}
{"level":"info","message":"Registration endpoint hit...","service":"bookstore-api","timestamp":"2025-05-23T05:42:34.749Z"}
{"level":"error","message":"\"username\" length must be at least 3 characters long","service":"bookstore-api","timestamp":"2025-05-23T05:42:34.752Z"}
{"level":"info","message":"Registration endpoint hit...","service":"bookstore-api","timestamp":"2025-05-23T05:42:44.832Z"}
{"level":"error","message":"User already exists","service":"bookstore-api","timestamp":"2025-05-23T05:42:44.844Z"}
{"level":"info","message":"Registration endpoint hit...","service":"bookstore-api","timestamp":"2025-05-23T05:43:53.222Z"}
{"level":"error","message":"\"username\" is required","service":"bookstore-api","timestamp":"2025-05-23T05:43:53.223Z"}
{"level":"info","message":"Server is running on port 5000","service":"bookstore-api","timestamp":"2025-05-23T05:44:53.720Z"}
{"level":"info","message":"MongoDB Connected: localhost","service":"bookstore-api","timestamp":"2025-05-23T05:44:53.800Z"}
{"level":"info","message":"Registration endpoint hit...","service":"bookstore-api","timestamp":"2025-05-23T05:44:59.065Z"}
{"level":"error","message":"\"username\" is required","service":"bookstore-api","timestamp":"2025-05-23T05:44:59.069Z"}
{"level":"info","message":"Server is running on port 5000","service":"bookstore-api","timestamp":"2025-05-23T05:45:28.271Z"}
{"level":"info","message":"MongoDB Connected: localhost","service":"bookstore-api","timestamp":"2025-05-23T05:45:28.317Z"}
{"level":"info","message":"Login endpoint hit...","service":"bookstore-api","timestamp":"2025-05-23T05:45:31.689Z"}
{"level":"error","message":"Login failed: argon2 is not defined","service":"bookstore-api","timestamp":"2025-05-23T05:45:31.703Z"}
{"level":"info","message":"Server is running on port 5000","service":"bookstore-api","timestamp":"2025-05-23T05:45:53.493Z"}
{"level":"info","message":"MongoDB Connected: localhost","service":"bookstore-api","timestamp":"2025-05-23T05:45:53.530Z"}
{"level":"info","message":"Server is running on port 5000","service":"bookstore-api","timestamp":"2025-05-23T05:46:01.804Z"}
{"level":"info","message":"MongoDB Connected: localhost","service":"bookstore-api","timestamp":"2025-05-23T05:46:01.911Z"}
{"level":"info","message":"Server is running on port 5000","service":"bookstore-api","timestamp":"2025-05-23T05:46:10.097Z"}
{"level":"info","message":"MongoDB Connected: localhost","service":"bookstore-api","timestamp":"2025-05-23T05:46:10.160Z"}
{"level":"info","message":"Server is running on port 5000","service":"bookstore-api","timestamp":"2025-05-23T05:46:12.032Z"}
{"level":"info","message":"MongoDB Connected: localhost","service":"bookstore-api","timestamp":"2025-05-23T05:46:12.070Z"}
{"level":"info","message":"Server is running on port 5000","service":"bookstore-api","timestamp":"2025-05-23T05:46:15.835Z"}
{"level":"info","message":"MongoDB Connected: localhost","service":"bookstore-api","timestamp":"2025-05-23T05:46:15.875Z"}
{"level":"info","message":"Server is running on port 5000","service":"bookstore-api","timestamp":"2025-05-23T05:46:21.327Z"}
{"level":"info","message":"MongoDB Connected: localhost","service":"bookstore-api","timestamp":"2025-05-23T05:46:21.406Z"}
{"level":"info","message":"Login endpoint hit...","service":"bookstore-api","timestamp":"2025-05-23T05:46:28.446Z"}
{"level":"error","message":"Invalid credentials","service":"bookstore-api","timestamp":"2025-05-23T05:46:28.460Z"}
{"level":"info","message":"Server is running on port 5000","service":"bookstore-api","timestamp":"2025-05-23T05:47:27.290Z"}
{"level":"info","message":"MongoDB Connected: localhost","service":"bookstore-api","timestamp":"2025-05-23T05:47:27.350Z"}
{"level":"info","message":"Server is running on port 5000","service":"bookstore-api","timestamp":"2025-05-23T05:47:35.135Z"}
{"level":"info","message":"MongoDB Connected: localhost","service":"bookstore-api","timestamp":"2025-05-23T05:47:35.215Z"}
{"level":"info","message":"Login endpoint hit...","service":"bookstore-api","timestamp":"2025-05-23T05:47:37.369Z"}
{"level":"error","message":"Invalid credentials","service":"bookstore-api","timestamp":"2025-05-23T05:47:37.393Z"}
{"level":"info","message":"Server is running on port 5000","service":"bookstore-api","timestamp":"2025-05-23T05:48:02.036Z"}
{"level":"info","message":"MongoDB Connected: localhost","service":"bookstore-api","timestamp":"2025-05-23T05:48:02.085Z"}
{"level":"info","message":"Server is running on port 5000","service":"bookstore-api","timestamp":"2025-05-23T05:48:05.676Z"}
{"level":"info","message":"MongoDB Connected: localhost","service":"bookstore-api","timestamp":"2025-05-23T05:48:05.742Z"}
{"level":"info","message":"Server is running on port 5000","service":"bookstore-api","timestamp":"2025-05-23T05:48:07.626Z"}
{"level":"info","message":"MongoDB Connected: localhost","service":"bookstore-api","timestamp":"2025-05-23T05:48:07.739Z"}
{"level":"info","message":"Server is running on port 5000","service":"bookstore-api","timestamp":"2025-05-23T05:48:12.546Z"}
{"level":"info","message":"MongoDB Connected: localhost","service":"bookstore-api","timestamp":"2025-05-23T05:48:12.627Z"}
{"level":"info","message":"Login endpoint hit...","service":"bookstore-api","timestamp":"2025-05-23T05:48:14.599Z"}
{"level":"error","message":"Invalid credentials","service":"bookstore-api","timestamp":"2025-05-23T05:48:14.617Z"}
{"level":"info","message":"Registration endpoint hit...","service":"bookstore-api","timestamp":"2025-05-23T05:49:00.184Z"}
{"level":"info","message":"User registered: zuhair","service":"bookstore-api","timestamp":"2025-05-23T05:49:00.344Z"}
{"level":"info","message":"Login endpoint hit...","service":"bookstore-api","timestamp":"2025-05-23T05:49:17.160Z"}
{"level":"error","message":"Invalid credentials","service":"bookstore-api","timestamp":"2025-05-23T05:49:17.165Z"}
{"level":"info","message":"Server is running on port 5000","service":"bookstore-api","timestamp":"2025-05-23T05:50:37.454Z"}
{"level":"info","message":"MongoDB Connected: localhost","service":"bookstore-api","timestamp":"2025-05-23T05:50:37.602Z"}
{"level":"info","message":"Server is running on port 5000","service":"bookstore-api","timestamp":"2025-05-23T05:50:40.506Z"}
{"level":"info","message":"MongoDB Connected: localhost","service":"bookstore-api","timestamp":"2025-05-23T05:50:40.551Z"}
{"level":"info","message":"Server is running on port 5000","service":"bookstore-api","timestamp":"2025-05-23T05:50:42.195Z"}
{"level":"info","message":"MongoDB Connected: localhost","service":"bookstore-api","timestamp":"2025-05-23T05:50:42.246Z"}
{"level":"info","message":"Server is running on port 5000","service":"bookstore-api","timestamp":"2025-05-23T05:50:49.344Z"}
{"level":"info","message":"MongoDB Connected: localhost","service":"bookstore-api","timestamp":"2025-05-23T05:50:49.393Z"}
{"level":"info","message":"Server is running on port 5000","service":"bookstore-api","timestamp":"2025-05-23T05:51:26.143Z"}
{"level":"info","message":"MongoDB Connected: localhost","service":"bookstore-api","timestamp":"2025-05-23T05:51:26.204Z"}
{"level":"info","message":"Server is running on port 5000","service":"bookstore-api","timestamp":"2025-05-23T05:51:58.441Z"}
{"level":"info","message":"MongoDB Connected: localhost","service":"bookstore-api","timestamp":"2025-05-23T05:51:58.491Z"}
{"level":"info","message":"Server is running on port 5000","service":"bookstore-api","timestamp":"2025-05-23T05:52:01.902Z"}
{"level":"info","message":"MongoDB Connected: localhost","service":"bookstore-api","timestamp":"2025-05-23T05:52:01.945Z"}
{"level":"info","message":"Server is running on port 5000","service":"bookstore-api","timestamp":"2025-05-23T05:52:06.929Z"}
{"level":"info","message":"MongoDB Connected: localhost","service":"bookstore-api","timestamp":"2025-05-23T05:52:06.988Z"}
{"level":"info","message":"Server is running on port 5000","service":"bookstore-api","timestamp":"2025-05-23T05:52:31.492Z"}
{"level":"info","message":"MongoDB Connected: localhost","service":"bookstore-api","timestamp":"2025-05-23T05:52:31.531Z"}
{"level":"info","message":"Server is running on port 5000","service":"bookstore-api","timestamp":"2025-05-23T05:52:50.173Z"}
{"level":"info","message":"MongoDB Connected: localhost","service":"bookstore-api","timestamp":"2025-05-23T05:52:50.209Z"}
{"level":"info","message":"Registration endpoint hit...","service":"bookstore-api","timestamp":"2025-05-23T05:52:55.073Z"}
{"level":"info","message":"User registered: zuhair","service":"bookstore-api","timestamp":"2025-05-23T05:52:55.210Z"}
{"level":"info","message":"Login endpoint hit...","service":"bookstore-api","timestamp":"2025-05-23T05:53:04.249Z"}
{"level":"info","message":"User logged in: zuhair","service":"bookstore-api","timestamp":"2025-05-23T05:53:04.382Z"}
{"level":"info","message":"Server is running on port 5000","service":"bookstore-api","timestamp":"2025-05-23T05:54:32.053Z"}
{"level":"info","message":"MongoDB Connected: localhost","service":"bookstore-api","timestamp":"2025-05-23T05:54:32.169Z"}
{"level":"info","message":"Server is running on port 5000","service":"bookstore-api","timestamp":"2025-05-23T05:54:59.110Z"}
{"level":"info","message":"MongoDB Connected: localhost","service":"bookstore-api","timestamp":"2025-05-23T05:54:59.167Z"}
{"level":"info","message":"Server is running on port 5000","service":"bookstore-api","timestamp":"2025-05-23T05:55:06.790Z"}
{"level":"info","message":"MongoDB Connected: localhost","service":"bookstore-api","timestamp":"2025-05-23T05:55:06.908Z"}
{"level":"info","message":"Server is running on port 5000","service":"bookstore-api","timestamp":"2025-05-23T05:55:10.493Z"}
{"level":"info","message":"MongoDB Connected: localhost","service":"bookstore-api","timestamp":"2025-05-23T05:55:10.543Z"}
{"level":"info","message":"Server is running on port 5000","service":"bookstore-api","timestamp":"2025-05-23T05:55:23.668Z"}
{"level":"info","message":"MongoDB Connected: localhost","service":"bookstore-api","timestamp":"2025-05-23T05:55:23.728Z"}
{"level":"info","message":"Server is running on port 5000","service":"bookstore-api","timestamp":"2025-05-23T05:55:44.111Z"}
{"level":"info","message":"MongoDB Connected: localhost","service":"bookstore-api","timestamp":"2025-05-23T05:55:44.269Z"}
{"level":"info","message":"Server is running on port 5000","service":"bookstore-api","timestamp":"2025-05-23T05:55:48.339Z"}
{"level":"info","message":"MongoDB Connected: localhost","service":"bookstore-api","timestamp":"2025-05-23T05:55:48.375Z"}
{"level":"info","message":"Server is running on port 5000","service":"bookstore-api","timestamp":"2025-05-23T05:55:50.734Z"}
{"level":"info","message":"MongoDB Connected: localhost","service":"bookstore-api","timestamp":"2025-05-23T05:55:50.780Z"}
{"level":"info","message":"Server is running on port 5000","service":"bookstore-api","timestamp":"2025-05-23T05:55:52.315Z"}
{"level":"info","message":"MongoDB Connected: localhost","service":"bookstore-api","timestamp":"2025-05-23T05:55:52.378Z"}
{"level":"info","message":"JWT verification endpoint hit...","service":"bookstore-api","timestamp":"2025-05-23T06:09:48.951Z"}
{"level":"error","message":"JWT verification failed: jwt is not defined","service":"bookstore-api","timestamp":"2025-05-23T06:09:48.960Z"}
{"level":"info","message":"Server is running on port 5000","service":"bookstore-api","timestamp":"2025-05-23T06:10:05.851Z"}
{"level":"info","message":"MongoDB Connected: localhost","service":"bookstore-api","timestamp":"2025-05-23T06:10:05.922Z"}
{"level":"info","message":"JWT verification endpoint hit...","service":"bookstore-api","timestamp":"2025-05-23T06:10:10.519Z"}
{"level":"error","message":"JWT verification failed: next is not defined","service":"bookstore-api","timestamp":"2025-05-23T06:10:10.558Z"}
{"level":"info","message":"Server is running on port 5000","service":"bookstore-api","timestamp":"2025-05-23T06:10:21.968Z"}
{"level":"info","message":"MongoDB Connected: localhost","service":"bookstore-api","timestamp":"2025-05-23T06:10:22.026Z"}
{"level":"info","message":"JWT verification endpoint hit...","service":"bookstore-api","timestamp":"2025-05-23T06:10:25.264Z"}
{"level":"info","message":"Server is running on port 5000","service":"bookstore-api","timestamp":"2025-05-23T06:10:40.282Z"}
{"level":"info","message":"MongoDB Connected: localhost","service":"bookstore-api","timestamp":"2025-05-23T06:10:40.356Z"}
{"level":"info","message":"Server is running on port 5000","service":"bookstore-api","timestamp":"2025-05-23T06:10:42.276Z"}
{"level":"info","message":"MongoDB Connected: localhost","service":"bookstore-api","timestamp":"2025-05-23T06:10:42.353Z"}
{"level":"info","message":"Server is running on port 5000","service":"bookstore-api","timestamp":"2025-05-23T06:10:43.963Z"}
{"level":"info","message":"MongoDB Connected: localhost","service":"bookstore-api","timestamp":"2025-05-23T06:10:44.102Z"}
{"level":"info","message":"Server is running on port 5000","service":"bookstore-api","timestamp":"2025-05-23T06:10:46.294Z"}
{"level":"info","message":"MongoDB Connected: localhost","service":"bookstore-api","timestamp":"2025-05-23T06:10:46.360Z"}
{"level":"info","message":"Server is running on port 5000","service":"bookstore-api","timestamp":"2025-05-23T06:10:55.958Z"}
{"level":"info","message":"MongoDB Connected: localhost","service":"bookstore-api","timestamp":"2025-05-23T06:10:56.125Z"}
{"level":"info","message":"Server is running on port 5000","service":"bookstore-api","timestamp":"2025-05-23T06:10:58.322Z"}
{"level":"info","message":"MongoDB Connected: localhost","service":"bookstore-api","timestamp":"2025-05-23T06:10:58.383Z"}
{"level":"info","message":"JWT verification endpoint hit...","service":"bookstore-api","timestamp":"2025-05-23T06:11:00.842Z"}
{"level":"error","message":"Failed to create books: Cannot read properties of undefined (reading 'map')","service":"bookstore-api","timestamp":"2025-05-23T06:11:00.861Z"}
{"level":"info","message":"Server is running on port 5000","service":"bookstore-api","timestamp":"2025-05-23T06:11:15.736Z"}
{"level":"info","message":"MongoDB Connected: localhost","service":"bookstore-api","timestamp":"2025-05-23T06:11:15.811Z"}
{"level":"info","message":"Server is running on port 5000","service":"bookstore-api","timestamp":"2025-05-23T06:11:22.604Z"}
{"level":"info","message":"Server is running on port 5000","service":"bookstore-api","timestamp":"2025-05-23T06:11:24.178Z"}
{"level":"info","message":"MongoDB Connected: localhost","service":"bookstore-api","timestamp":"2025-05-23T06:11:24.309Z"}
{"level":"info","message":"Server is running on port 5000","service":"bookstore-api","timestamp":"2025-05-23T06:11:25.348Z"}
{"level":"info","message":"MongoDB Connected: localhost","service":"bookstore-api","timestamp":"2025-05-23T06:11:25.395Z"}
{"level":"info","message":"JWT verification endpoint hit...","service":"bookstore-api","timestamp":"2025-05-23T06:11:27.520Z"}
{"level":"error","message":"Failed to create books: Book validation failed: createdBy: Path `createdBy` is required., genre: Path `genre` is required., author: Path `author` is required., title: Path `title` is required.","service":"bookstore-api","timestamp":"2025-05-23T06:11:27.549Z"}
{"level":"info","message":"Server is running on port 5000","service":"bookstore-api","timestamp":"2025-05-23T06:12:06.143Z"}
{"level":"info","message":"MongoDB Connected: localhost","service":"bookstore-api","timestamp":"2025-05-23T06:12:06.198Z"}
{"level":"info","message":"Server is running on port 5000","service":"bookstore-api","timestamp":"2025-05-23T06:12:11.814Z"}
{"level":"info","message":"MongoDB Connected: localhost","service":"bookstore-api","timestamp":"2025-05-23T06:12:11.857Z"}
{"level":"info","message":"Server is running on port 5000","service":"bookstore-api","timestamp":"2025-05-23T06:12:41.274Z"}
{"level":"info","message":"MongoDB Connected: localhost","service":"bookstore-api","timestamp":"2025-05-23T06:12:41.337Z"}
{"level":"info","message":"Server is running on port 5000","service":"bookstore-api","timestamp":"2025-05-23T06:13:15.324Z"}
{"level":"info","message":"MongoDB Connected: localhost","service":"bookstore-api","timestamp":"2025-05-23T06:13:15.376Z"}
{"level":"info","message":"JWT verification endpoint hit...","service":"bookstore-api","timestamp":"2025-05-23T06:13:18.398Z"}
{"level":"info","message":"Server is running on port 5000","service":"bookstore-api","timestamp":"2025-05-23T06:14:37.637Z"}
{"level":"info","message":"MongoDB Connected: localhost","service":"bookstore-api","timestamp":"2025-05-23T06:14:37.728Z"}
{"level":"info","message":"Server is running on port 5000","service":"bookstore-api","timestamp":"2025-05-23T06:14:40.752Z"}
{"level":"info","message":"MongoDB Connected: localhost","service":"bookstore-api","timestamp":"2025-05-23T06:14:40.823Z"}
{"level":"info","message":"JWT verification endpoint hit...","service":"bookstore-api","timestamp":"2025-05-23T06:15:13.756Z"}
{"level":"info","message":"Books created: 30","service":"bookstore-api","timestamp":"2025-05-23T06:15:13.823Z"}
{"level":"info","message":"JWT verification endpoint hit...","service":"bookstore-api","timestamp":"2025-05-23T06:17:10.667Z"}
{"level":"info","message":"Create book endpoint hit...","service":"bookstore-api","timestamp":"2025-05-23T06:17:10.676Z"}
{"level":"error","message":"\"user\" is required","service":"bookstore-api","timestamp":"2025-05-23T06:17:10.694Z"}
{"level":"info","message":"Server is running on port 5000","service":"bookstore-api","timestamp":"2025-05-23T06:17:55.397Z"}
{"level":"info","message":"MongoDB Connected: localhost","service":"bookstore-api","timestamp":"2025-05-23T06:17:55.458Z"}
{"level":"info","message":"Server is running on port 5000","service":"bookstore-api","timestamp":"2025-05-23T06:17:59.074Z"}
{"level":"info","message":"MongoDB Connected: localhost","service":"bookstore-api","timestamp":"2025-05-23T06:17:59.240Z"}
{"level":"info","message":"Server is running on port 5000","service":"bookstore-api","timestamp":"2025-05-23T06:18:01.432Z"}
{"level":"info","message":"MongoDB Connected: localhost","service":"bookstore-api","timestamp":"2025-05-23T06:18:01.585Z"}
{"level":"info","message":"JWT verification endpoint hit...","service":"bookstore-api","timestamp":"2025-05-23T06:18:03.429Z"}
{"level":"info","message":"Create book endpoint hit...","service":"bookstore-api","timestamp":"2025-05-23T06:18:03.444Z"}
{"level":"error","message":"\"user\" is required","service":"bookstore-api","timestamp":"2025-05-23T06:18:03.453Z"}
{"level":"info","message":"JWT verification endpoint hit...","service":"bookstore-api","timestamp":"2025-05-23T06:18:45.461Z"}
{"level":"info","message":"Create book endpoint hit...","service":"bookstore-api","timestamp":"2025-05-23T06:18:45.469Z"}
{"level":"error","message":"\"user\" is required","service":"bookstore-api","timestamp":"2025-05-23T06:18:45.472Z"}
{"level":"info","message":"Server is running on port 5000","service":"bookstore-api","timestamp":"2025-05-23T06:19:14.281Z"}
{"level":"info","message":"MongoDB Connected: localhost","service":"bookstore-api","timestamp":"2025-05-23T06:19:14.345Z"}
{"level":"info","message":"JWT verification endpoint hit...","service":"bookstore-api","timestamp":"2025-05-23T06:19:15.705Z"}
{"level":"info","message":"Create book endpoint hit...","service":"bookstore-api","timestamp":"2025-05-23T06:19:15.724Z"}
{"level":"info","message":"Book created: The Alchemist","service":"bookstore-api","timestamp":"2025-05-23T06:19:15.750Z"}
{"level":"info","message":"JWT verification endpoint hit...","service":"bookstore-api","timestamp":"2025-05-23T06:20:25.700Z"}
{"level":"error","message":"No token provided","service":"bookstore-api","timestamp":"2025-05-23T06:20:25.701Z"}
{"level":"info","message":"JWT verification endpoint hit...","service":"bookstore-api","timestamp":"2025-05-23T06:20:33.904Z"}
{"level":"info","message":"Get books endpoint hit...","service":"bookstore-api","timestamp":"2025-05-23T06:20:33.912Z"}
{"level":"info","message":"Books retrieved: 10","service":"bookstore-api","timestamp":"2025-05-23T06:20:33.999Z"}
{"level":"info","message":"JWT verification endpoint hit...","service":"bookstore-api","timestamp":"2025-05-23T06:21:51.796Z"}
{"level":"info","message":"Get books endpoint hit...","service":"bookstore-api","timestamp":"2025-05-23T06:21:51.803Z"}
{"level":"info","message":"Books retrieved: 10","service":"bookstore-api","timestamp":"2025-05-23T06:21:51.823Z"}
{"level":"info","message":"JWT verification endpoint hit...","service":"bookstore-api","timestamp":"2025-05-23T06:24:24.322Z"}
{"level":"info","message":"Get books endpoint hit...","service":"bookstore-api","timestamp":"2025-05-23T06:24:24.327Z"}
{"level":"info","message":"Books retrieved: 10","service":"bookstore-api","timestamp":"2025-05-23T06:24:24.341Z"}
{"level":"info","message":"JWT verification endpoint hit...","service":"bookstore-api","timestamp":"2025-05-23T06:24:45.559Z"}
{"level":"info","message":"Get books endpoint hit...","service":"bookstore-api","timestamp":"2025-05-23T06:24:45.564Z"}
{"level":"info","message":"Books retrieved: 2","service":"bookstore-api","timestamp":"2025-05-23T06:24:45.596Z"}
{"level":"info","message":"JWT verification endpoint hit...","service":"bookstore-api","timestamp":"2025-05-23T06:25:04.381Z"}
{"level":"info","message":"Get books endpoint hit...","service":"bookstore-api","timestamp":"2025-05-23T06:25:04.387Z"}
{"level":"info","message":"Books retrieved: 1","service":"bookstore-api","timestamp":"2025-05-23T06:25:04.423Z"}
{"level":"info","message":"JWT verification endpoint hit...","service":"bookstore-api","timestamp":"2025-05-23T06:25:55.408Z"}
{"level":"info","message":"Get books endpoint hit...","service":"bookstore-api","timestamp":"2025-05-23T06:25:55.411Z"}
{"level":"info","message":"Books retrieved: 10","service":"bookstore-api","timestamp":"2025-05-23T06:25:55.424Z"}
{"level":"info","message":"JWT verification endpoint hit...","service":"bookstore-api","timestamp":"2025-05-23T06:26:22.685Z"}
{"level":"info","message":"Get book by ID endpoint hit...","service":"bookstore-api","timestamp":"2025-05-23T06:26:22.691Z"}
{"level":"error","message":"Failed to get book by ID: mongoose is not defined","service":"bookstore-api","timestamp":"2025-05-23T06:26:22.692Z"}
{"level":"info","message":"Server is running on port 5000","service":"bookstore-api","timestamp":"2025-05-23T06:27:14.986Z"}
{"level":"info","message":"MongoDB Connected: localhost","service":"bookstore-api","timestamp":"2025-05-23T06:27:15.047Z"}
{"level":"info","message":"JWT verification endpoint hit...","service":"bookstore-api","timestamp":"2025-05-23T06:27:18.258Z"}
{"level":"info","message":"Get book by ID endpoint hit...","service":"bookstore-api","timestamp":"2025-05-23T06:27:18.284Z"}
{"level":"info","message":"Server is running on port 5000","service":"bookstore-api","timestamp":"2025-05-23T06:28:20.175Z"}
{"level":"info","message":"MongoDB Connected: localhost","service":"bookstore-api","timestamp":"2025-05-23T06:28:20.273Z"}
{"level":"info","message":"Get book by ID endpoint hit...","service":"bookstore-api","timestamp":"2025-05-23T06:28:24.214Z"}
{"level":"info","message":"Get book by ID endpoint hit...","service":"bookstore-api","timestamp":"2025-05-23T06:28:28.093Z"}
{"level":"info","message":"Get book by ID endpoint hit...","service":"bookstore-api","timestamp":"2025-05-23T06:29:11.249Z"}
{"level":"info","message":"Server is running on port 5000","service":"bookstore-api","timestamp":"2025-05-23T06:29:20.235Z"}
{"level":"info","message":"MongoDB Connected: localhost","service":"bookstore-api","timestamp":"2025-05-23T06:29:20.290Z"}
{"level":"info","message":"JWT verification endpoint hit...","service":"bookstore-api","timestamp":"2025-05-23T06:30:38.946Z"}
{"level":"info","message":"Submit review endpoint hit...","service":"bookstore-api","timestamp":"2025-05-23T06:30:38.979Z"}
{"level":"error","message":"\"book\" is required","service":"bookstore-api","timestamp":"2025-05-23T06:30:38.987Z"}
{"level":"info","message":"Server is running on port 5000","service":"bookstore-api","timestamp":"2025-05-23T06:31:14.411Z"}
{"level":"info","message":"MongoDB Connected: localhost","service":"bookstore-api","timestamp":"2025-05-23T06:31:14.541Z"}
{"level":"info","message":"JWT verification endpoint hit...","service":"bookstore-api","timestamp":"2025-05-23T06:31:18.078Z"}
{"level":"info","message":"Submit review endpoint hit...","service":"bookstore-api","timestamp":"2025-05-23T06:31:18.100Z"}
{"level":"error","message":"\"reviewer\" is required","service":"bookstore-api","timestamp":"2025-05-23T06:31:18.107Z"}
{"level":"info","message":"Server is running on port 5000","service":"bookstore-api","timestamp":"2025-05-23T06:31:26.449Z"}
{"level":"info","message":"MongoDB Connected: localhost","service":"bookstore-api","timestamp":"2025-05-23T06:31:26.541Z"}
{"level":"info","message":"JWT verification endpoint hit...","service":"bookstore-api","timestamp":"2025-05-23T06:31:26.640Z"}
{"level":"info","message":"Submit review endpoint hit...","service":"bookstore-api","timestamp":"2025-05-23T06:31:26.663Z"}
{"level":"info","message":"JWT verification endpoint hit...","service":"bookstore-api","timestamp":"2025-05-23T06:31:32.234Z"}
{"level":"info","message":"Get book by ID endpoint hit...","service":"bookstore-api","timestamp":"2025-05-23T06:31:32.241Z"}
{"level":"info","message":"JWT verification endpoint hit...","service":"bookstore-api","timestamp":"2025-05-23T06:31:41.811Z"}
{"level":"info","message":"Submit review endpoint hit...","service":"bookstore-api","timestamp":"2025-05-23T06:31:41.817Z"}
{"level":"info","message":"Server is running on port 5000","service":"bookstore-api","timestamp":"2025-05-23T06:32:46.266Z"}
{"level":"info","message":"MongoDB Connected: localhost","service":"bookstore-api","timestamp":"2025-05-23T06:32:46.312Z"}
{"level":"info","message":"JWT verification endpoint hit...","service":"bookstore-api","timestamp":"2025-05-23T06:32:48.731Z"}
{"level":"info","message":"Submit review endpoint hit...","service":"bookstore-api","timestamp":"2025-05-23T06:32:48.750Z"}
{"level":"info","message":"Server is running on port 5000","service":"bookstore-api","timestamp":"2025-05-23T06:33:40.128Z"}
{"level":"info","message":"MongoDB Connected: localhost","service":"bookstore-api","timestamp":"2025-05-23T06:33:40.195Z"}
{"level":"info","message":"JWT verification endpoint hit...","service":"bookstore-api","timestamp":"2025-05-23T06:33:47.138Z"}
{"level":"info","message":"Submit review endpoint hit...","service":"bookstore-api","timestamp":"2025-05-23T06:33:47.158Z"}
{"level":"error","message":"Failed to submit review: Cast to ObjectId failed for value \"{ _id: undefined }\" (type Object) at path \"_id\" for model \"Book\"","service":"bookstore-api","timestamp":"2025-05-23T06:33:47.168Z"}
{"level":"info","message":"Server is running on port 5000","service":"bookstore-api","timestamp":"2025-05-23T06:34:03.186Z"}
{"level":"info","message":"MongoDB Connected: localhost","service":"bookstore-api","timestamp":"2025-05-23T06:34:03.295Z"}
{"level":"info","message":"Server is running on port 5000","service":"bookstore-api","timestamp":"2025-05-23T06:34:07.389Z"}
{"level":"info","message":"MongoDB Connected: localhost","service":"bookstore-api","timestamp":"2025-05-23T06:34:07.525Z"}
{"level":"info","message":"Server is running on port 5000","service":"bookstore-api","timestamp":"2025-05-23T06:34:15.013Z"}
{"level":"info","message":"MongoDB Connected: localhost","service":"bookstore-api","timestamp":"2025-05-23T06:34:15.087Z"}
{"level":"info","message":"Server is running on port 5000","service":"bookstore-api","timestamp":"2025-05-23T06:34:22.149Z"}
{"level":"info","message":"MongoDB Connected: localhost","service":"bookstore-api","timestamp":"2025-05-23T06:34:22.222Z"}
{"level":"info","message":"Server is running on port 5000","service":"bookstore-api","timestamp":"2025-05-23T06:34:24.765Z"}
{"level":"info","message":"MongoDB Connected: localhost","service":"bookstore-api","timestamp":"2025-05-23T06:34:24.806Z"}
{"level":"info","message":"JWT verification endpoint hit...","service":"bookstore-api","timestamp":"2025-05-23T06:34:26.951Z"}
{"level":"info","message":"Submit review endpoint hit...","service":"bookstore-api","timestamp":"2025-05-23T06:34:26.979Z"}
{"level":"error","message":"Failed to submit review: Cast to ObjectId failed for value \"{ _id: undefined }\" (type Object) at path \"_id\" for model \"Book\"","service":"bookstore-api","timestamp":"2025-05-23T06:34:26.988Z"}
{"level":"info","message":"Server is running on port 5000","service":"bookstore-api","timestamp":"2025-05-23T06:34:59.828Z"}
{"level":"info","message":"MongoDB Connected: localhost","service":"bookstore-api","timestamp":"2025-05-23T06:34:59.896Z"}
{"level":"info","message":"Server is running on port 5000","service":"bookstore-api","timestamp":"2025-05-23T06:35:08.050Z"}
{"level":"info","message":"MongoDB Connected: localhost","service":"bookstore-api","timestamp":"2025-05-23T06:35:08.134Z"}
{"level":"info","message":"Server is running on port 5000","service":"bookstore-api","timestamp":"2025-05-23T06:35:11.066Z"}
{"level":"info","message":"MongoDB Connected: localhost","service":"bookstore-api","timestamp":"2025-05-23T06:35:11.134Z"}
{"level":"info","message":"JWT verification endpoint hit...","service":"bookstore-api","timestamp":"2025-05-23T06:35:15.353Z"}
{"level":"info","message":"Submit review endpoint hit...","service":"bookstore-api","timestamp":"2025-05-23T06:35:15.375Z"}
{"level":"error","message":"Failed to submit review: Cast to ObjectId failed for value \"{ _id: undefined }\" (type Object) at path \"_id\" for model \"Book\"","service":"bookstore-api","timestamp":"2025-05-23T06:35:15.388Z"}
{"level":"info","message":"Server is running on port 5000","service":"bookstore-api","timestamp":"2025-05-23T06:35:24.619Z"}
{"level":"info","message":"MongoDB Connected: localhost","service":"bookstore-api","timestamp":"2025-05-23T06:35:24.680Z"}
{"level":"info","message":"Server is running on port 5000","service":"bookstore-api","timestamp":"2025-05-23T06:35:35.727Z"}
{"level":"info","message":"MongoDB Connected: localhost","service":"bookstore-api","timestamp":"2025-05-23T06:35:35.805Z"}
{"level":"info","message":"JWT verification endpoint hit...","service":"bookstore-api","timestamp":"2025-05-23T06:35:38.217Z"}
{"level":"info","message":"Submit review endpoint hit...","service":"bookstore-api","timestamp":"2025-05-23T06:35:38.236Z"}
{"level":"error","message":"Failed to submit review: bookId is not defined","service":"bookstore-api","timestamp":"2025-05-23T06:35:38.255Z"}
{"level":"info","message":"Server is running on port 5000","service":"bookstore-api","timestamp":"2025-05-23T06:35:45.869Z"}
{"level":"info","message":"MongoDB Connected: localhost","service":"bookstore-api","timestamp":"2025-05-23T06:35:45.945Z"}
{"level":"info","message":"Server is running on port 5000","service":"bookstore-api","timestamp":"2025-05-23T06:35:51.514Z"}
{"level":"info","message":"MongoDB Connected: localhost","service":"bookstore-api","timestamp":"2025-05-23T06:35:51.622Z"}
{"level":"info","message":"JWT verification endpoint hit...","service":"bookstore-api","timestamp":"2025-05-23T06:35:52.364Z"}
{"level":"info","message":"Submit review endpoint hit...","service":"bookstore-api","timestamp":"2025-05-23T06:35:52.390Z"}
{"level":"error","message":"Failed to submit review: bookId is not defined","service":"bookstore-api","timestamp":"2025-05-23T06:35:52.404Z"}
{"level":"info","message":"Server is running on port 5000","service":"bookstore-api","timestamp":"2025-05-23T06:36:04.615Z"}
{"level":"info","message":"MongoDB Connected: localhost","service":"bookstore-api","timestamp":"2025-05-23T06:36:04.667Z"}
{"level":"info","message":"Server is running on port 5000","service":"bookstore-api","timestamp":"2025-05-23T06:36:08.902Z"}
{"level":"info","message":"MongoDB Connected: localhost","service":"bookstore-api","timestamp":"2025-05-23T06:36:08.965Z"}
{"level":"info","message":"Server is running on port 5000","service":"bookstore-api","timestamp":"2025-05-23T06:36:11.943Z"}
{"level":"info","message":"MongoDB Connected: localhost","service":"bookstore-api","timestamp":"2025-05-23T06:36:12.066Z"}
{"level":"info","message":"JWT verification endpoint hit...","service":"bookstore-api","timestamp":"2025-05-23T06:36:15.505Z"}
{"level":"info","message":"Submit review endpoint hit...","service":"bookstore-api","timestamp":"2025-05-23T06:36:15.525Z"}
{"level":"error","message":"Failed to submit review: Review validation failed: reviewer: Path `reviewer` is required.","service":"bookstore-api","timestamp":"2025-05-23T06:36:15.549Z"}
{"level":"info","message":"Server is running on port 5000","service":"bookstore-api","timestamp":"2025-05-23T06:36:59.729Z"}
{"level":"info","message":"MongoDB Connected: localhost","service":"bookstore-api","timestamp":"2025-05-23T06:36:59.862Z"}
{"level":"info","message":"Server is running on port 5000","service":"bookstore-api","timestamp":"2025-05-23T06:37:02.963Z"}
{"level":"info","message":"MongoDB Connected: localhost","service":"bookstore-api","timestamp":"2025-05-23T06:37:03.075Z"}
{"level":"info","message":"Server is running on port 5000","service":"bookstore-api","timestamp":"2025-05-23T06:37:06.998Z"}
{"level":"info","message":"MongoDB Connected: localhost","service":"bookstore-api","timestamp":"2025-05-23T06:37:07.064Z"}
{"level":"info","message":"JWT verification endpoint hit...","service":"bookstore-api","timestamp":"2025-05-23T06:37:09.204Z"}
{"level":"info","message":"Submit review endpoint hit...","service":"bookstore-api","timestamp":"2025-05-23T06:37:09.228Z"}
{"level":"error","message":"Failed to submit review: Review validation failed: reviewer: Path `reviewer` is required.","service":"bookstore-api","timestamp":"2025-05-23T06:37:09.264Z"}
{"level":"info","message":"Server is running on port 5000","service":"bookstore-api","timestamp":"2025-05-23T06:37:58.735Z"}
{"level":"info","message":"MongoDB Connected: localhost","service":"bookstore-api","timestamp":"2025-05-23T06:37:58.780Z"}
{"level":"info","message":"Server is running on port 5000","service":"bookstore-api","timestamp":"2025-05-23T06:38:04.864Z"}
{"level":"info","message":"MongoDB Connected: localhost","service":"bookstore-api","timestamp":"2025-05-23T06:38:05.060Z"}
{"level":"info","message":"Server is running on port 5000","service":"bookstore-api","timestamp":"2025-05-23T06:38:07.642Z"}
{"level":"info","message":"MongoDB Connected: localhost","service":"bookstore-api","timestamp":"2025-05-23T06:38:07.726Z"}
{"level":"info","message":"JWT verification endpoint hit...","service":"bookstore-api","timestamp":"2025-05-23T06:38:09.228Z"}
{"level":"info","message":"Submit review endpoint hit...","service":"bookstore-api","timestamp":"2025-05-23T06:38:09.250Z"}
{"level":"error","message":"Failed to submit review: Review validation failed: reviewer: Path `reviewer` is required.","service":"bookstore-api","timestamp":"2025-05-23T06:38:09.286Z"}
{"level":"info","message":"Server is running on port 5000","service":"bookstore-api","timestamp":"2025-05-23T06:38:41.597Z"}
{"level":"info","message":"MongoDB Connected: localhost","service":"bookstore-api","timestamp":"2025-05-23T06:38:41.685Z"}
{"level":"info","message":"Server is running on port 5000","service":"bookstore-api","timestamp":"2025-05-23T06:38:46.709Z"}
{"level":"info","message":"MongoDB Connected: localhost","service":"bookstore-api","timestamp":"2025-05-23T06:38:46.777Z"}
{"level":"info","message":"Server is running on port 5000","service":"bookstore-api","timestamp":"2025-05-23T06:38:48.230Z"}
{"level":"info","message":"MongoDB Connected: localhost","service":"bookstore-api","timestamp":"2025-05-23T06:38:48.281Z"}
{"level":"info","message":"Server is running on port 5000","service":"bookstore-api","timestamp":"2025-05-23T06:38:54.052Z"}
{"level":"info","message":"MongoDB Connected: localhost","service":"bookstore-api","timestamp":"2025-05-23T06:38:54.111Z"}
{"level":"info","message":"Server is running on port 5000","service":"bookstore-api","timestamp":"2025-05-23T06:38:56.307Z"}
{"level":"info","message":"MongoDB Connected: localhost","service":"bookstore-api","timestamp":"2025-05-23T06:38:56.378Z"}
{"level":"info","message":"Server is running on port 5000","service":"bookstore-api","timestamp":"2025-05-23T06:39:01.192Z"}
{"level":"info","message":"Server is running on port 5000","service":"bookstore-api","timestamp":"2025-05-23T06:39:02.671Z"}
{"level":"info","message":"MongoDB Connected: localhost","service":"bookstore-api","timestamp":"2025-05-23T06:39:02.749Z"}
{"level":"info","message":"Server is running on port 5000","service":"bookstore-api","timestamp":"2025-05-23T06:39:11.804Z"}
{"level":"info","message":"MongoDB Connected: localhost","service":"bookstore-api","timestamp":"2025-05-23T06:39:11.927Z"}
{"level":"info","message":"Server is running on port 5000","service":"bookstore-api","timestamp":"2025-05-23T06:39:13.825Z"}
{"level":"info","message":"MongoDB Connected: localhost","service":"bookstore-api","timestamp":"2025-05-23T06:39:13.906Z"}
{"level":"info","message":"JWT verification endpoint hit...","service":"bookstore-api","timestamp":"2025-05-23T06:40:10.533Z"}
{"level":"info","message":"Submit review endpoint hit...","service":"bookstore-api","timestamp":"2025-05-23T06:40:10.548Z"}
{"level":"info","message":"Server is running on port 5000","service":"bookstore-api","timestamp":"2025-05-23T06:41:38.663Z"}
{"level":"info","message":"MongoDB Connected: localhost","service":"bookstore-api","timestamp":"2025-05-23T06:41:38.719Z"}
{"level":"info","message":"JWT verification endpoint hit...","service":"bookstore-api","timestamp":"2025-05-23T06:41:41.390Z"}
{"level":"info","message":"Submit review endpoint hit...","service":"bookstore-api","timestamp":"2025-05-23T06:41:41.411Z"}
{"level":"info","message":"Review submitted for book: Gone Girl","service":"bookstore-api","timestamp":"2025-05-23T06:41:41.454Z"}
{"level":"info","message":"JWT verification endpoint hit...","service":"bookstore-api","timestamp":"2025-05-23T06:41:50.252Z"}
{"level":"info","message":"Get book by ID endpoint hit...","service":"bookstore-api","timestamp":"2025-05-23T06:41:50.288Z"}
{"level":"error","message":"Failed to get book by ID: Cannot populate path `user` because it is not in your schema. Set the `strictPopulate` option to false to override.","service":"bookstore-api","timestamp":"2025-05-23T06:41:50.348Z"}
{"level":"info","message":"JWT verification endpoint hit...","service":"bookstore-api","timestamp":"2025-05-23T06:42:41.489Z"}
{"level":"info","message":"Get book by ID endpoint hit...","service":"bookstore-api","timestamp":"2025-05-23T06:42:41.495Z"}
{"level":"error","message":"Failed to get book by ID: Cannot populate path `user` because it is not in your schema. Set the `strictPopulate` option to false to override.","service":"bookstore-api","timestamp":"2025-05-23T06:42:41.512Z"}
{"level":"info","message":"Server is running on port 5000","service":"bookstore-api","timestamp":"2025-05-23T06:44:02.180Z"}
{"level":"info","message":"MongoDB Connected: localhost","service":"bookstore-api","timestamp":"2025-05-23T06:44:02.225Z"}
{"level":"info","message":"JWT verification endpoint hit...","service":"bookstore-api","timestamp":"2025-05-23T06:44:05.964Z"}
{"level":"info","message":"Get book by ID endpoint hit...","service":"bookstore-api","timestamp":"2025-05-23T06:44:05.977Z"}
{"level":"error","message":"Failed to get book by ID: Cannot populate path `reviewer` because it is not in your schema. Set the `strictPopulate` option to false to override.","service":"bookstore-api","timestamp":"2025-05-23T06:44:05.985Z"}
{"level":"info","message":"Server is running on port 5000","service":"bookstore-api","timestamp":"2025-05-23T06:44:51.860Z"}
{"level":"info","message":"MongoDB Connected: localhost","service":"bookstore-api","timestamp":"2025-05-23T06:44:51.949Z"}
{"level":"info","message":"Server is running on port 5000","service":"bookstore-api","timestamp":"2025-05-23T06:44:53.885Z"}
{"level":"info","message":"MongoDB Connected: localhost","service":"bookstore-api","timestamp":"2025-05-23T06:44:53.937Z"}
{"level":"info","message":"JWT verification endpoint hit...","service":"bookstore-api","timestamp":"2025-05-23T06:44:56.424Z"}
{"level":"info","message":"Get book by ID endpoint hit...","service":"bookstore-api","timestamp":"2025-05-23T06:44:56.441Z"}
{"level":"error","message":"Failed to get book by ID: Cannot populate path `user` because it is not in your schema. Set the `strictPopulate` option to false to override.","service":"bookstore-api","timestamp":"2025-05-23T06:44:56.449Z"}
{"level":"info","message":"Server is running on port 5000","service":"bookstore-api","timestamp":"2025-05-23T06:45:17.714Z"}
{"level":"info","message":"MongoDB Connected: localhost","service":"bookstore-api","timestamp":"2025-05-23T06:45:17.773Z"}
{"level":"info","message":"Server is running on port 5000","service":"bookstore-api","timestamp":"2025-05-23T06:45:31.290Z"}
{"level":"info","message":"MongoDB Connected: localhost","service":"bookstore-api","timestamp":"2025-05-23T06:45:31.415Z"}
{"level":"info","message":"JWT verification endpoint hit...","service":"bookstore-api","timestamp":"2025-05-23T06:45:32.769Z"}
{"level":"info","message":"Get book by ID endpoint hit...","service":"bookstore-api","timestamp":"2025-05-23T06:45:32.787Z"}
{"level":"error","message":"Failed to get book by ID: Cannot populate path `user` because it is not in your schema. Set the `strictPopulate` option to false to override.","service":"bookstore-api","timestamp":"2025-05-23T06:45:32.798Z"}
{"level":"info","message":"Server is running on port 5000","service":"bookstore-api","timestamp":"2025-05-23T06:46:02.435Z"}
{"level":"info","message":"MongoDB Connected: localhost","service":"bookstore-api","timestamp":"2025-05-23T06:46:02.511Z"}
{"level":"info","message":"Server is running on port 5000","service":"bookstore-api","timestamp":"2025-05-23T06:46:16.770Z"}
{"level":"info","message":"MongoDB Connected: localhost","service":"bookstore-api","timestamp":"2025-05-23T06:46:16.813Z"}
{"level":"info","message":"JWT verification endpoint hit...","service":"bookstore-api","timestamp":"2025-05-23T06:46:19.655Z"}
{"level":"info","message":"Get book by ID endpoint hit...","service":"bookstore-api","timestamp":"2025-05-23T06:46:19.669Z"}
{"level":"info","message":"Registration endpoint hit...","service":"bookstore-api","timestamp":"2025-05-23T06:46:52.370Z"}
{"level":"info","message":"User registered: nafis","service":"bookstore-api","timestamp":"2025-05-23T06:46:52.876Z"}
{"level":"info","message":"Login endpoint hit...","service":"bookstore-api","timestamp":"2025-05-23T06:47:01.217Z"}
{"level":"info","message":"User logged in: nafis","service":"bookstore-api","timestamp":"2025-05-23T06:47:01.382Z"}
{"level":"info","message":"JWT verification endpoint hit...","service":"bookstore-api","timestamp":"2025-05-23T06:47:52.128Z"}
{"level":"info","message":"Submit review endpoint hit...","service":"bookstore-api","timestamp":"2025-05-23T06:47:52.132Z"}
{"level":"info","message":"Review submitted for book: Gone Girl","service":"bookstore-api","timestamp":"2025-05-23T06:47:52.146Z"}
{"level":"info","message":"JWT verification endpoint hit...","service":"bookstore-api","timestamp":"2025-05-23T06:48:05.683Z"}
{"level":"info","message":"Get book by ID endpoint hit...","service":"bookstore-api","timestamp":"2025-05-23T06:48:05.688Z"}
{"level":"info","message":"JWT verification endpoint hit...","service":"bookstore-api","timestamp":"2025-05-23T06:49:36.733Z"}
{"level":"info","message":"Update review endpoint hit...","service":"bookstore-api","timestamp":"2025-05-23T06:49:36.741Z"}
{"level":"info","message":"Server is running on port 5000","service":"bookstore-api","timestamp":"2025-05-23T06:50:11.214Z"}
{"level":"info","message":"MongoDB Connected: localhost","service":"bookstore-api","timestamp":"2025-05-23T06:50:11.301Z"}
{"level":"info","message":"Server is running on port 5000","service":"bookstore-api","timestamp":"2025-05-23T06:50:17.550Z"}
{"level":"info","message":"MongoDB Connected: localhost","service":"bookstore-api","timestamp":"2025-05-23T06:50:17.732Z"}
{"level":"info","message":"JWT verification endpoint hit...","service":"bookstore-api","timestamp":"2025-05-23T06:50:19.039Z"}
{"level":"info","message":"Update review endpoint hit...","service":"bookstore-api","timestamp":"2025-05-23T06:50:19.053Z"}
{"level":"info","message":"Server is running on port 5000","service":"bookstore-api","timestamp":"2025-05-23T06:50:30.598Z"}
{"level":"info","message":"MongoDB Connected: localhost","service":"bookstore-api","timestamp":"2025-05-23T06:50:30.638Z"}
{"level":"info","message":"JWT verification endpoint hit...","service":"bookstore-api","timestamp":"2025-05-23T06:50:38.218Z"}
{"level":"info","message":"Update review endpoint hit...","service":"bookstore-api","timestamp":"2025-05-23T06:50:38.232Z"}
{"level":"info","message":"Server is running on port 5000","service":"bookstore-api","timestamp":"2025-05-23T06:50:54.321Z"}
{"level":"info","message":"MongoDB Connected: localhost","service":"bookstore-api","timestamp":"2025-05-23T06:50:54.380Z"}
{"level":"info","message":"JWT verification endpoint hit...","service":"bookstore-api","timestamp":"2025-05-23T06:50:56.354Z"}
{"level":"info","message":"Update review endpoint hit...","service":"bookstore-api","timestamp":"2025-05-23T06:50:56.366Z"}
{"level":"info","message":"Server is running on port 5000","service":"bookstore-api","timestamp":"2025-05-23T06:51:07.501Z"}
{"level":"info","message":"MongoDB Connected: localhost","service":"bookstore-api","timestamp":"2025-05-23T06:51:07.621Z"}
{"level":"info","message":"Server is running on port 5000","service":"bookstore-api","timestamp":"2025-05-23T06:52:26.622Z"}
{"level":"info","message":"MongoDB Connected: localhost","service":"bookstore-api","timestamp":"2025-05-23T06:52:26.662Z"}
{"level":"info","message":"JWT verification endpoint hit...","service":"bookstore-api","timestamp":"2025-05-23T06:52:29.798Z"}
{"level":"info","message":"Update review endpoint hit...","service":"bookstore-api","timestamp":"2025-05-23T06:52:29.814Z"}
{"level":"info","message":"Review updated for book: Gone Girl","service":"bookstore-api","timestamp":"2025-05-23T06:52:29.847Z"}
{"level":"info","message":"JWT verification endpoint hit...","service":"bookstore-api","timestamp":"2025-05-23T06:52:35.043Z"}
{"level":"info","message":"Get book by ID endpoint hit...","service":"bookstore-api","timestamp":"2025-05-23T06:52:35.051Z"}
{"level":"info","message":"JWT verification endpoint hit...","service":"bookstore-api","timestamp":"2025-05-23T06:52:59.823Z"}
{"level":"info","message":"Delete review endpoint hit...","service":"bookstore-api","timestamp":"2025-05-23T06:52:59.827Z"}
{"level":"info","message":"Server is running on port 5000","service":"bookstore-api","timestamp":"2025-05-23T06:53:14.940Z"}
{"level":"info","message":"MongoDB Connected: localhost","service":"bookstore-api","timestamp":"2025-05-23T06:53:14.998Z"}
{"level":"info","message":"JWT verification endpoint hit...","service":"bookstore-api","timestamp":"2025-05-23T06:53:20.221Z"}
{"level":"info","message":"Delete review endpoint hit...","service":"bookstore-api","timestamp":"2025-05-23T06:53:20.241Z"}
{"level":"info","message":"JWT verification endpoint hit...","service":"bookstore-api","timestamp":"2025-05-23T06:53:30.829Z"}
{"level":"info","message":"Delete review endpoint hit...","service":"bookstore-api","timestamp":"2025-05-23T06:53:30.834Z"}
{"level":"info","message":"Server is running on port 5000","service":"bookstore-api","timestamp":"2025-05-23T06:53:39.673Z"}
{"level":"info","message":"MongoDB Connected: localhost","service":"bookstore-api","timestamp":"2025-05-23T06:53:39.724Z"}
{"level":"info","message":"Server is running on port 5000","service":"bookstore-api","timestamp":"2025-05-23T06:53:51.242Z"}
{"level":"info","message":"MongoDB Connected: localhost","service":"bookstore-api","timestamp":"2025-05-23T06:53:51.289Z"}
{"level":"info","message":"JWT verification endpoint hit...","service":"bookstore-api","timestamp":"2025-05-23T06:53:56.062Z"}
{"level":"info","message":"Delete review endpoint hit...","service":"bookstore-api","timestamp":"2025-05-23T06:53:56.078Z"}
{"level":"info","message":"Review deleted for book: Gone Girl","service":"bookstore-api","timestamp":"2025-05-23T06:53:56.344Z"}
{"level":"info","message":"JWT verification endpoint hit...","service":"bookstore-api","timestamp":"2025-05-23T06:54:00.995Z"}
{"level":"info","message":"Get book by ID endpoint hit...","service":"bookstore-api","timestamp":"2025-05-23T06:54:01.002Z"}
{"level":"info","message":"JWT verification endpoint hit...","service":"bookstore-api","timestamp":"2025-05-23T09:02:51.172Z"}
{"level":"error","message":"JWT verification failed: jwt expired","service":"bookstore-api","timestamp":"2025-05-23T09:02:51.194Z"}
{"level":"info","message":"Login endpoint hit...","service":"bookstore-api","timestamp":"2025-05-23T09:02:58.529Z"}
{"level":"info","message":"User logged in: nafis","service":"bookstore-api","timestamp":"2025-05-23T09:02:58.927Z"}
{"level":"info","message":"JWT verification endpoint hit...","service":"bookstore-api","timestamp":"2025-05-23T09:03:25.395Z"}
{"level":"info","message":"Submit review endpoint hit...","service":"bookstore-api","timestamp":"2025-05-23T09:03:25.407Z"}
{"level":"info","message":"Review submitted for book: Gone Girl","service":"bookstore-api","timestamp":"2025-05-23T09:03:25.499Z"}
{"level":"info","message":"JWT verification endpoint hit...","service":"bookstore-api","timestamp":"2025-05-23T09:04:29.944Z"}
{"level":"info","message":"Update review endpoint hit...","service":"bookstore-api","timestamp":"2025-05-23T09:04:29.955Z"}
{"level":"info","message":"Review updated for book: Gone Girl","service":"bookstore-api","timestamp":"2025-05-23T09:04:30.001Z"}
{"level":"info","message":"JWT verification endpoint hit...","service":"bookstore-api","timestamp":"2025-05-23T09:04:38.210Z"}
{"level":"error","message":"JWT verification failed: jwt expired","service":"bookstore-api","timestamp":"2025-05-23T09:04:38.213Z"}
{"level":"info","message":"JWT verification endpoint hit...","service":"bookstore-api","timestamp":"2025-05-23T09:05:11.607Z"}
{"level":"info","message":"Get book by ID endpoint hit...","service":"bookstore-api","timestamp":"2025-05-23T09:05:11.622Z"}
{"level":"info","message":"Server is running on port 5000","service":"bookstore-api","timestamp":"2025-05-23T09:11:38.475Z"}
{"level":"info","message":"MongoDB Connected: localhost","service":"bookstore-api","timestamp":"2025-05-23T09:11:38.805Z"}
{"level":"info","message":"Registration endpoint hit...","service":"bookstore-api","timestamp":"2025-05-23T09:11:44.355Z"}
{"level":"error","message":"User already exists","service":"bookstore-api","timestamp":"2025-05-23T09:11:44.441Z"}
{"level":"info","message":"Server is running on port 5000","service":"bookstore-api","timestamp":"2025-05-23T09:12:48.043Z"}
{"level":"info","message":"MongoDB Connected: localhost","service":"bookstore-api","timestamp":"2025-05-23T09:12:48.137Z"}
{"level":"info","message":"Login endpoint hit...","service":"bookstore-api","timestamp":"2025-05-23T09:15:57.925Z"}
{"level":"info","message":"User logged in: nafis","service":"bookstore-api","timestamp":"2025-05-23T09:15:58.261Z"}
{"level":"info","message":"Server is running on port 5000","service":"bookstore-api","timestamp":"2025-05-23T09:16:10.572Z"}
{"level":"info","message":"MongoDB Connected: localhost","service":"bookstore-api","timestamp":"2025-05-23T09:16:10.768Z"}
{"level":"info","message":"Server is running on port 5000","service":"bookstore-api","timestamp":"2025-05-23T09:17:25.375Z"}
{"level":"info","message":"MongoDB Connected: localhost","service":"bookstore-api","timestamp":"2025-05-23T09:17:25.459Z"}
{"level":"info","message":"Server is running on port 5000","service":"bookstore-api","timestamp":"2025-05-23T09:17:54.284Z"}
{"level":"info","message":"MongoDB Connected: localhost","service":"bookstore-api","timestamp":"2025-05-23T09:17:54.457Z"}
{"level":"info","message":"Server is running on port 5000","service":"bookstore-api","timestamp":"2025-05-23T09:20:07.202Z"}
{"level":"info","message":"MongoDB Connected: ac-yh0x1pa-shard-00-02.ljtetty.mongodb.net","service":"bookstore-api","timestamp":"2025-05-23T09:20:09.503Z"}
{"level":"info","message":"Registration endpoint hit...","service":"bookstore-api","timestamp":"2025-05-23T09:20:57.192Z"}
{"level":"info","message":"User registered: zuhair","service":"bookstore-api","timestamp":"2025-05-23T09:20:57.578Z"}
{"level":"info","message":"Login endpoint hit...","service":"bookstore-api","timestamp":"2025-05-23T09:32:01.595Z"}
{"level":"info","message":"User logged in: zuhair","service":"bookstore-api","timestamp":"2025-05-23T09:32:02.117Z"}
{"level":"info","message":"JWT verification endpoint hit...","service":"bookstore-api","timestamp":"2025-05-23T09:34:14.668Z"}
{"level":"info","message":"Books created: 30","service":"bookstore-api","timestamp":"2025-05-23T09:34:15.099Z"}
{"level":"info","message":"JWT verification endpoint hit...","service":"bookstore-api","timestamp":"2025-05-23T09:35:38.652Z"}
{"level":"error","message":"JWT verification failed: jwt expired","service":"bookstore-api","timestamp":"2025-05-23T09:35:38.669Z"}
{"level":"info","message":"JWT verification endpoint hit...","service":"bookstore-api","timestamp":"2025-05-23T09:36:30.660Z"}
{"level":"info","message":"Create book endpoint hit...","service":"bookstore-api","timestamp":"2025-05-23T09:36:30.678Z"}
{"level":"info","message":"Book created: The Alchemist","service":"bookstore-api","timestamp":"2025-05-23T09:36:30.988Z"}
{"level":"info","message":"JWT verification endpoint hit...","service":"bookstore-api","timestamp":"2025-05-23T09:37:49.818Z"}
{"level":"error","message":"JWT verification failed: jwt expired","service":"bookstore-api","timestamp":"2025-05-23T09:37:49.823Z"}
{"level":"info","message":"JWT verification endpoint hit...","service":"bookstore-api","timestamp":"2025-05-23T09:38:30.319Z"}
{"level":"info","message":"Get books endpoint hit...","service":"bookstore-api","timestamp":"2025-05-23T09:38:30.344Z"}
{"level":"info","message":"Books retrieved: 10","service":"bookstore-api","timestamp":"2025-05-23T09:38:30.992Z"}
{"level":"info","message":"JWT verification endpoint hit...","service":"bookstore-api","timestamp":"2025-05-23T09:41:31.189Z"}
{"level":"info","message":"Get book by ID endpoint hit...","service":"bookstore-api","timestamp":"2025-05-23T09:41:31.458Z"}
{"level":"warn","message":"Book not found","service":"bookstore-api","timestamp":"2025-05-23T09:41:31.516Z"}
{"level":"info","message":"JWT verification endpoint hit...","service":"bookstore-api","timestamp":"2025-05-23T09:41:43.063Z"}
{"level":"info","message":"Get book by ID endpoint hit...","service":"bookstore-api","timestamp":"2025-05-23T09:41:43.089Z"}
{"level":"info","message":"JWT verification endpoint hit...","service":"bookstore-api","timestamp":"2025-05-23T09:43:37.978Z"}
{"level":"info","message":"Submit review endpoint hit...","service":"bookstore-api","timestamp":"2025-05-23T09:43:38.032Z"}
{"level":"info","message":"Review submitted for book: Life of Pi","service":"bookstore-api","timestamp":"2025-05-23T09:43:38.558Z"}
{"level":"info","message":"JWT verification endpoint hit...","service":"bookstore-api","timestamp":"2025-05-23T09:44:51.884Z"}
{"level":"info","message":"Submit review endpoint hit...","service":"bookstore-api","timestamp":"2025-05-23T09:44:51.907Z"}
{"level":"info","message":"JWT verification endpoint hit...","service":"bookstore-api","timestamp":"2025-05-23T09:45:20.917Z"}
{"level":"info","message":"Get book by ID endpoint hit...","service":"bookstore-api","timestamp":"2025-05-23T09:45:21.087Z"}
{"level":"info","message":"JWT verification endpoint hit...","service":"bookstore-api","timestamp":"2025-05-23T09:47:36.568Z"}
{"level":"info","message":"Update review endpoint hit...","service":"bookstore-api","timestamp":"2025-05-23T09:47:36.606Z"}
{"level":"info","message":"Review updated for book: Life of Pi","service":"bookstore-api","timestamp":"2025-05-23T09:47:37.366Z"}
{"level":"info","message":"JWT verification endpoint hit...","service":"bookstore-api","timestamp":"2025-05-23T09:49:09.971Z"}
{"level":"info","message":"Delete review endpoint hit...","service":"bookstore-api","timestamp":"2025-05-23T09:49:09.996Z"}
{"level":"info","message":"Review deleted for book: Life of Pi","service":"bookstore-api","timestamp":"2025-05-23T09:49:10.164Z"}
{"level":"info","message":"JWT verification endpoint hit...","service":"bookstore-api","timestamp":"2025-05-23T09:51:46.400Z"}
{"level":"info","message":"Get book by ID endpoint hit...","service":"bookstore-api","timestamp":"2025-05-23T09:51:46.414Z"}
{"level":"warn","message":"Invalid book ID format.","service":"bookstore-api","timestamp":"2025-05-23T09:51:46.415Z"}
{"level":"info","message":"JWT verification endpoint hit...","service":"bookstore-api","timestamp":"2025-05-23T09:52:17.429Z"}
{"level":"info","message":"Get book by ID endpoint hit...","service":"bookstore-api","timestamp":"2025-05-23T09:52:17.440Z"}
{"level":"warn","message":"Invalid book ID format.","service":"bookstore-api","timestamp":"2025-05-23T09:52:17.440Z"}
{"level":"info","message":"JWT verification endpoint hit...","service":"bookstore-api","timestamp":"2025-05-23T09:53:57.721Z"}
{"level":"info","message":"Get book by ID endpoint hit...","service":"bookstore-api","timestamp":"2025-05-23T09:53:57.733Z"}
{"level":"info","message":"Server is running on port 5000","service":"bookstore-api","timestamp":"2025-05-23T10:36:00.834Z"}
{"level":"info","message":"MongoDB Connected: ac-yh0x1pa-shard-00-02.ljtetty.mongodb.net","service":"bookstore-api","timestamp":"2025-05-23T10:36:01.109Z"}
{"level":"info","message":"Server is running on port 5000","service":"bookstore-api","timestamp":"2025-05-23T10:39:04.534Z"}
{"level":"info","message":"MongoDB Connected: ac-yh0x1pa-shard-00-00.ljtetty.mongodb.net","service":"bookstore-api","timestamp":"2025-05-23T10:39:04.903Z"}
{"level":"info","message":"Server is running on port 5000","service":"bookstore-api","timestamp":"2025-05-23T10:39:09.021Z"}
{"level":"info","message":"MongoDB Connected: ac-yh0x1pa-shard-00-01.ljtetty.mongodb.net","service":"bookstore-api","timestamp":"2025-05-23T10:39:09.396Z"}
